<?xml version="1.0" encoding="UTF-8"?>
<robot generator="Robot 7.3.2 (Python 3.10.11 on win32)" generated="2025-07-09T22:27:19.884363" rpa="false" schemaversion="5">
<suite id="s1" name="Siesa Login Tests" source="C:\Robotframework-GenAI-QA-Demo1-1.2\tests\login\siesa_login_tests.robot">
<test id="s1-t1" name="Login With Valid Credentials" line="40">
<kw name="Cargar Configuracion Central">
<kw name="Obtener Estado Biblioteca" owner="GeminiLibrary">
<msg time="2025-07-09T22:27:21.198579" level="INFO">${estado_biblioteca} = {'gemini_disponible': True, 'api_key_configurada': False, 'modelo_inicializado': False, 'modelo_nombre': 'gemini-1.5-flash', 'version': '4.0', 'modo': 'Fallback', 'tipo': 'Biblioteca Híbrida Gemini-Cl...</msg>
<var>${estado_biblioteca}</var>
<doc>Retorna información sobre el estado de la librería híbrida
VERSIÓN v1.2: Incluye información de configuración centralizada</doc>
<status status="PASS" start="2025-07-09T22:27:21.198579" elapsed="0.000000"/>
</kw>
<kw name="Get From Dictionary" owner="Collections">
<msg time="2025-07-09T22:27:21.198579" level="INFO">${config_info} = {'disponible': False, 'archivo_existe': False, 'total_credenciales': 0, 'entornos': [], 'errores': ['ConfigManager no inicializado']}</msg>
<var>${config_info}</var>
<arg>${estado_biblioteca}</arg>
<arg>config_centralizada</arg>
<doc>Returns a value from the given ``dictionary`` based on the given ``key``.</doc>
<status status="PASS" start="2025-07-09T22:27:21.198579" elapsed="0.000000"/>
</kw>
<kw name="Get From Dictionary" owner="Collections">
<msg time="2025-07-09T22:27:21.199578" level="INFO">${config_disponible} = False</msg>
<var>${config_disponible}</var>
<arg>${config_info}</arg>
<arg>disponible</arg>
<doc>Returns a value from the given ``dictionary`` based on the given ``key``.</doc>
<status status="PASS" start="2025-07-09T22:27:21.199578" elapsed="0.000000"/>
</kw>
<kw name="Run Keyword If" owner="BuiltIn">
<kw name="Log" owner="BuiltIn">
<msg time="2025-07-09T22:27:21.199578" level="INFO">⚠️ ADVERTENCIA: Sistema de configuración centralizada no disponible, usando fallback</msg>
<arg>⚠️ ADVERTENCIA: Sistema de configuración centralizada no disponible, usando fallback</arg>
<doc>Logs the given message with the given level.</doc>
<status status="PASS" start="2025-07-09T22:27:21.199578" elapsed="0.000000"/>
</kw>
<arg>not ${config_disponible}</arg>
<arg>Log</arg>
<arg>⚠️ ADVERTENCIA: Sistema de configuración centralizada no disponible, usando fallback</arg>
<arg>ELSE</arg>
<arg>Log</arg>
<arg>✅ Sistema de configuración centralizada v1.2 activo y funcionando</arg>
<doc>Runs the given keyword with the given arguments, if ``condition`` is true.</doc>
<status status="PASS" start="2025-07-09T22:27:21.199578" elapsed="0.000000"/>
</kw>
<doc>Carga la configuración centralizada v1.2 y valida que esté disponible</doc>
<status status="PASS" start="2025-07-09T22:27:21.197628" elapsed="0.001950"/>
</kw>
<kw name="Obtener Credencial Prioritaria Keyword">
<kw name="Obtener Credencial Prioritaria" owner="GeminiLibrary">
<msg time="2025-07-09T22:27:21.200578" level="INFO">⚠️ Usando credenciales válidas de fallback (no centralizadas)
✅ Credencial prioritaria obtenida para entorno 'qa': juan.reina</msg>
<msg time="2025-07-09T22:27:21.200578" level="INFO">${credencial} = {'usuario': 'juan.reina', 'clave': '1235', 'descripcion': 'Usuario de prueba funcional verificado (fallback)', 'tipo': 'funcional', 'estado': 'activo', 'prioridad': 1, 'entorno': 'qa'}</msg>
<var>${credencial}</var>
<arg>${entorno}</arg>
<doc>Obtiene la credencial de mayor prioridad para un entorno</doc>
<status status="PASS" start="2025-07-09T22:27:21.200578" elapsed="0.000000"/>
</kw>
<kw name="Should Not Be Empty" owner="BuiltIn">
<msg time="2025-07-09T22:27:21.200578" level="INFO">Length is 7.</msg>
<arg>${credencial}</arg>
<arg>No se pudo obtener credencial prioritaria para entorno: ${entorno}</arg>
<doc>Verifies that the given item is not empty.</doc>
<status status="PASS" start="2025-07-09T22:27:21.200578" elapsed="0.000000"/>
</kw>
<return>
<value>${credencial}</value>
<status status="PASS" start="2025-07-09T22:27:21.200578" elapsed="0.000000"/>
</return>
<msg time="2025-07-09T22:27:21.200578" level="INFO">${credencial_prioritaria} = {'usuario': 'juan.reina', 'clave': '1235', 'descripcion': 'Usuario de prueba funcional verificado (fallback)', 'tipo': 'funcional', 'estado': 'activo', 'prioridad': 1, 'entorno': 'qa'}</msg>
<var>${credencial_prioritaria}</var>
<arg>qa</arg>
<doc>Obtiene la credencial de mayor prioridad para un entorno específico</doc>
<status status="PASS" start="2025-07-09T22:27:21.200578" elapsed="0.000000"/>
</kw>
<kw name="Should Not Be Empty" owner="BuiltIn">
<msg time="2025-07-09T22:27:21.201578" level="INFO">Length is 7.</msg>
<arg>${credencial_prioritaria}</arg>
<arg>No se pudo obtener credencial prioritaria desde configuración central</arg>
<doc>Verifies that the given item is not empty.</doc>
<status status="PASS" start="2025-07-09T22:27:21.201578" elapsed="0.000000"/>
</kw>
<kw name="Get From Dictionary" owner="Collections">
<msg time="2025-07-09T22:27:21.201578" level="INFO">${usuario} = juan.reina</msg>
<var>${usuario}</var>
<arg>${credencial_prioritaria}</arg>
<arg>usuario</arg>
<doc>Returns a value from the given ``dictionary`` based on the given ``key``.</doc>
<status status="PASS" start="2025-07-09T22:27:21.201578" elapsed="0.000000"/>
</kw>
<kw name="Get From Dictionary" owner="Collections">
<msg time="2025-07-09T22:27:21.202592" level="INFO">${clave} = 1235</msg>
<var>${clave}</var>
<arg>${credencial_prioritaria}</arg>
<arg>clave</arg>
<doc>Returns a value from the given ``dictionary`` based on the given ``key``.</doc>
<status status="PASS" start="2025-07-09T22:27:21.202592" elapsed="0.000000"/>
</kw>
<kw name="Log" owner="BuiltIn">
<msg time="2025-07-09T22:27:21.202592" level="INFO">Usando credencial desde configuración central: juan.reina</msg>
<arg>Usando credencial desde configuración central: ${usuario}</arg>
<doc>Logs the given message with the given level.</doc>
<status status="PASS" start="2025-07-09T22:27:21.202592" elapsed="0.000000"/>
</kw>
<kw name="Abrir Navegador En Login">
<kw name="Open Browser" owner="SeleniumLibrary">
<msg time="2025-07-09T22:27:21.203577" level="INFO">Opening browser 'chrome' to base url 'https://erp-qa-beta.siesaerp.com/login?returnUrl=%2F'.</msg>
<msg time="2025-07-09T22:27:21.390261" level="WARN">The chromedriver version (137.0.7151.68) detected in PATH at C:\Users\jmreinam\AppData\Local\Programs\Python\Python39\Scripts\chromedriver.exe might not be compatible with the detected chrome version (138.0.7204.97); currently, chromedriver 138.0.7204.94 is recommended for chrome 138.*, so it is advised to delete the driver in PATH and retry</msg>
<arg>${URL_LOGIN}</arg>
<arg>${BROWSER}</arg>
<doc>Opens a new browser instance to the optional ``url``.</doc>
<status status="PASS" start="2025-07-09T22:27:21.203577" elapsed="2.876300"/>
</kw>
<kw name="Maximize Browser Window" owner="SeleniumLibrary">
<doc>Maximizes current browser window.</doc>
<status status="PASS" start="2025-07-09T22:27:24.079877" elapsed="0.024200"/>
</kw>
<kw name="Set Selenium Timeout" owner="SeleniumLibrary">
<arg>${TIMEOUT}</arg>
<doc>Sets the timeout that is used by various keywords.</doc>
<status status="PASS" start="2025-07-09T22:27:24.104077" elapsed="0.001020"/>
</kw>
<kw name="Wait Until Page Contains" owner="SeleniumLibrary">
<arg>Iniciar</arg>
<arg>timeout=${TIMEOUT}</arg>
<doc>Waits until ``text`` appears on the current page.</doc>
<status status="PASS" start="2025-07-09T22:27:24.106095" elapsed="0.934752"/>
</kw>
<doc>Abre el navegador y navega a la página de login con configuración robusta</doc>
<status status="PASS" start="2025-07-09T22:27:21.203577" elapsed="3.838271"/>
</kw>
<kw name="Sleep" owner="BuiltIn">
<msg time="2025-07-09T22:27:27.059051" level="INFO">Slept 2 seconds.</msg>
<arg>2s</arg>
<doc>Pauses the test executed for the given time.</doc>
<status status="PASS" start="2025-07-09T22:27:25.041848" elapsed="2.017203"/>
</kw>
<kw name="Wait Until Element Is Visible" owner="SeleniumLibrary">
<arg>${CAMPO_USUARIO}</arg>
<arg>timeout=${TIMEOUT}</arg>
<doc>Waits until the element ``locator`` is visible.</doc>
<status status="PASS" start="2025-07-09T22:27:27.059051" elapsed="0.026698"/>
</kw>
<kw name="Input Text" owner="SeleniumLibrary">
<msg time="2025-07-09T22:27:27.086776" level="INFO">Typing text 'juan.reina' into text field '//input[1]'.</msg>
<arg>${CAMPO_USUARIO}</arg>
<arg>${usuario}</arg>
<doc>Types the given ``text`` into the text field identified by ``locator``.</doc>
<status status="PASS" start="2025-07-09T22:27:27.086776" elapsed="0.070874"/>
</kw>
<kw name="Wait Until Element Is Visible" owner="SeleniumLibrary">
<arg>${CAMPO_CLAVE}</arg>
<arg>timeout=${TIMEOUT}</arg>
<doc>Waits until the element ``locator`` is visible.</doc>
<status status="PASS" start="2025-07-09T22:27:27.157650" elapsed="0.014129"/>
</kw>
<kw name="Input Text" owner="SeleniumLibrary">
<msg time="2025-07-09T22:27:27.171779" level="INFO">Typing text '1235' into text field '//input[@type='password']'.</msg>
<arg>${CAMPO_CLAVE}</arg>
<arg>${clave}</arg>
<doc>Types the given ``text`` into the text field identified by ``locator``.</doc>
<status status="PASS" start="2025-07-09T22:27:27.171779" elapsed="0.063003"/>
</kw>
<kw name="Wait Until Element Is Visible" owner="SeleniumLibrary">
<arg>${BOTON_LOGIN}</arg>
<arg>timeout=${TIMEOUT}</arg>
<doc>Waits until the element ``locator`` is visible.</doc>
<status status="PASS" start="2025-07-09T22:27:27.234782" elapsed="0.015303"/>
</kw>
<kw name="Click Element" owner="SeleniumLibrary">
<msg time="2025-07-09T22:27:27.251155" level="INFO">Clicking element '//*[@data-automation-id="SDKButton_submit"]'.</msg>
<arg>${BOTON_LOGIN}</arg>
<doc>Click the element identified by ``locator``.</doc>
<status status="PASS" start="2025-07-09T22:27:27.250085" elapsed="0.053631"/>
</kw>
<kw name="Wait Until Element Is Visible" owner="SeleniumLibrary">
<arg>${ELEMENTO_CONFIRMACION_LOGIN}</arg>
<arg>timeout=${TIMEOUT}</arg>
<doc>Waits until the element ``locator`` is visible.</doc>
<status status="PASS" start="2025-07-09T22:27:27.303716" elapsed="3.593728"/>
</kw>
<kw name="Log" owner="BuiltIn">
<msg time="2025-07-09T22:27:30.898535" level="INFO">Login exitoso confirmado con credenciales desde configuración centralizada v1.2</msg>
<arg>Login exitoso confirmado con credenciales desde configuración centralizada v1.2</arg>
<doc>Logs the given message with the given level.</doc>
<status status="PASS" start="2025-07-09T22:27:30.898535" elapsed="0.000000"/>
</kw>
<kw name="Capture Page Screenshot" owner="SeleniumLibrary">
<msg time="2025-07-09T22:27:31.330001" level="INFO" html="true">&lt;/td&gt;&lt;/tr&gt;&lt;tr&gt;&lt;td colspan="3"&gt;&lt;a href="login_exitoso_hibrido_v12.png"&gt;&lt;img src="login_exitoso_hibrido_v12.png" width="800px"&gt;&lt;/a&gt;</msg>
<arg>login_exitoso_hibrido_v12.png</arg>
<doc>Takes a screenshot of the current page and embeds it into a log file.</doc>
<status status="PASS" start="2025-07-09T22:27:30.898535" elapsed="0.432466"/>
</kw>
<kw name="Sleep" owner="BuiltIn">
<msg time="2025-07-09T22:27:34.339484" level="INFO">Slept 3 seconds.</msg>
<arg>3s</arg>
<doc>Pauses the test executed for the given time.</doc>
<status status="PASS" start="2025-07-09T22:27:31.331001" elapsed="3.008483"/>
</kw>
<kw name="Close Browser" owner="SeleniumLibrary" type="TEARDOWN">
<doc>Closes the current browser.</doc>
<status status="PASS" start="2025-07-09T22:27:34.340502" elapsed="2.210730"/>
</kw>
<doc>Verifica login exitoso con credenciales garantizadas desde configuración centralizada v1.2</doc>
<tag>login</tag>
<tag>priority_high</tag>
<tag>success</tag>
<status status="PASS" start="2025-07-09T22:27:21.196630" elapsed="15.355485"/>
</test>
<doc>Tests híbridos de login para SIESA ERP - Lo mejor de Gemini + Claude
VERSIÓN v1.2: Sistema de configuración centralizada integrado
Las credenciales ahora se cargan desde config/credentials.json</doc>
<status status="PASS" start="2025-07-09T22:27:19.886381" elapsed="16.668812"/>
</suite>
<statistics>
<total>
<stat pass="1" fail="0" skip="0">All Tests</stat>
</total>
<tag>
<stat pass="1" fail="0" skip="0">login</stat>
<stat pass="1" fail="0" skip="0">priority_high</stat>
<stat pass="1" fail="0" skip="0">success</stat>
</tag>
<suite>
<stat name="Siesa Login Tests" id="s1" pass="1" fail="0" skip="0">Siesa Login Tests</stat>
</suite>
</statistics>
<errors>
<msg time="2025-07-09T22:27:21.390261" level="WARN">The chromedriver version (137.0.7151.68) detected in PATH at C:\Users\jmreinam\AppData\Local\Programs\Python\Python39\Scripts\chromedriver.exe might not be compatible with the detected chrome version (138.0.7204.97); currently, chromedriver 138.0.7204.94 is recommended for chrome 138.*, so it is advised to delete the driver in PATH and retry</msg>
</errors>
</robot>
