<?xml version="1.0" encoding="UTF-8"?>
<robot generator="Robot 7.3.2 (Python 3.10.11 on win32)" generated="2025-07-09T14:18:11.412564" rpa="false" schemaversion="5">
<suite id="s1" name="Login_Tests_20250709_141711" source="C:\Robotframework-GenAI-QA-Demo1-1.2\tests\login\siesa_login_tests.robot">
<test id="s1-t1" name="Login With Valid Credentials" line="40">
<kw name="Cargar Configuracion Central">
<kw name="Obtener Estado Biblioteca" owner="GeminiLibrary">
<msg time="2025-07-09T14:18:12.768597" level="INFO">${estado_biblioteca} = {'gemini_disponible': True, 'api_key_configurada': False, 'modelo_inicializado': False, 'modelo_nombre': 'gemini-1.5-flash', 'version': '4.0', 'modo': 'Fallback', 'tipo': 'Biblioteca Híbrida Gemini-Cl...</msg>
<var>${estado_biblioteca}</var>
<doc>Retorna información sobre el estado de la librería híbrida
VERSIÓN v1.2: Incluye información de configuración centralizada</doc>
<status status="PASS" start="2025-07-09T14:18:12.768597" elapsed="0.000000"/>
</kw>
<kw name="Get From Dictionary" owner="Collections">
<msg time="2025-07-09T14:18:12.768597" level="INFO">${config_info} = {'disponible': False, 'archivo_existe': False, 'total_credenciales': 0, 'entornos': [], 'errores': ['ConfigManager no inicializado']}</msg>
<var>${config_info}</var>
<arg>${estado_biblioteca}</arg>
<arg>config_centralizada</arg>
<doc>Returns a value from the given ``dictionary`` based on the given ``key``.</doc>
<status status="PASS" start="2025-07-09T14:18:12.768597" elapsed="0.000000"/>
</kw>
<kw name="Get From Dictionary" owner="Collections">
<msg time="2025-07-09T14:18:12.768597" level="INFO">${config_disponible} = False</msg>
<var>${config_disponible}</var>
<arg>${config_info}</arg>
<arg>disponible</arg>
<doc>Returns a value from the given ``dictionary`` based on the given ``key``.</doc>
<status status="PASS" start="2025-07-09T14:18:12.768597" elapsed="0.000000"/>
</kw>
<kw name="Run Keyword If" owner="BuiltIn">
<kw name="Log" owner="BuiltIn">
<msg time="2025-07-09T14:18:12.768597" level="INFO">⚠️ ADVERTENCIA: Sistema de configuración centralizada no disponible, usando fallback</msg>
<arg>⚠️ ADVERTENCIA: Sistema de configuración centralizada no disponible, usando fallback</arg>
<doc>Logs the given message with the given level.</doc>
<status status="PASS" start="2025-07-09T14:18:12.768597" elapsed="0.000000"/>
</kw>
<arg>not ${config_disponible}</arg>
<arg>Log</arg>
<arg>⚠️ ADVERTENCIA: Sistema de configuración centralizada no disponible, usando fallback</arg>
<arg>ELSE</arg>
<arg>Log</arg>
<arg>✅ Sistema de configuración centralizada v1.2 activo y funcionando</arg>
<doc>Runs the given keyword with the given arguments, if ``condition`` is true.</doc>
<status status="PASS" start="2025-07-09T14:18:12.768597" elapsed="0.000000"/>
</kw>
<doc>Carga la configuración centralizada v1.2 y valida que esté disponible</doc>
<status status="PASS" start="2025-07-09T14:18:12.768597" elapsed="0.000000"/>
</kw>
<kw name="Obtener Credencial Prioritaria Keyword">
<kw name="Obtener Credencial Prioritaria" owner="GeminiLibrary">
<msg time="2025-07-09T14:18:12.768597" level="INFO">⚠️ Usando credenciales válidas de fallback (no centralizadas)
✅ Credencial prioritaria obtenida para entorno 'qa': juan.reina</msg>
<msg time="2025-07-09T14:18:12.768597" level="INFO">${credencial} = {'usuario': 'juan.reina', 'clave': '1235', 'descripcion': 'Usuario de prueba funcional verificado (fallback)', 'tipo': 'funcional', 'estado': 'activo', 'prioridad': 1, 'entorno': 'qa'}</msg>
<var>${credencial}</var>
<arg>${entorno}</arg>
<doc>Obtiene la credencial de mayor prioridad para un entorno</doc>
<status status="PASS" start="2025-07-09T14:18:12.768597" elapsed="0.000000"/>
</kw>
<kw name="Should Not Be Empty" owner="BuiltIn">
<msg time="2025-07-09T14:18:12.768597" level="INFO">Length is 7.</msg>
<arg>${credencial}</arg>
<arg>No se pudo obtener credencial prioritaria para entorno: ${entorno}</arg>
<doc>Verifies that the given item is not empty.</doc>
<status status="PASS" start="2025-07-09T14:18:12.768597" elapsed="0.000000"/>
</kw>
<return>
<value>${credencial}</value>
<status status="PASS" start="2025-07-09T14:18:12.768597" elapsed="0.000000"/>
</return>
<msg time="2025-07-09T14:18:12.768597" level="INFO">${credencial_prioritaria} = {'usuario': 'juan.reina', 'clave': '1235', 'descripcion': 'Usuario de prueba funcional verificado (fallback)', 'tipo': 'funcional', 'estado': 'activo', 'prioridad': 1, 'entorno': 'qa'}</msg>
<var>${credencial_prioritaria}</var>
<arg>qa</arg>
<doc>Obtiene la credencial de mayor prioridad para un entorno específico</doc>
<status status="PASS" start="2025-07-09T14:18:12.768597" elapsed="0.000000"/>
</kw>
<kw name="Should Not Be Empty" owner="BuiltIn">
<msg time="2025-07-09T14:18:12.768597" level="INFO">Length is 7.</msg>
<arg>${credencial_prioritaria}</arg>
<arg>No se pudo obtener credencial prioritaria desde configuración central</arg>
<doc>Verifies that the given item is not empty.</doc>
<status status="PASS" start="2025-07-09T14:18:12.768597" elapsed="0.000000"/>
</kw>
<kw name="Get From Dictionary" owner="Collections">
<msg time="2025-07-09T14:18:12.768597" level="INFO">${usuario} = juan.reina</msg>
<var>${usuario}</var>
<arg>${credencial_prioritaria}</arg>
<arg>usuario</arg>
<doc>Returns a value from the given ``dictionary`` based on the given ``key``.</doc>
<status status="PASS" start="2025-07-09T14:18:12.768597" elapsed="0.000000"/>
</kw>
<kw name="Get From Dictionary" owner="Collections">
<msg time="2025-07-09T14:18:12.768597" level="INFO">${clave} = 1235</msg>
<var>${clave}</var>
<arg>${credencial_prioritaria}</arg>
<arg>clave</arg>
<doc>Returns a value from the given ``dictionary`` based on the given ``key``.</doc>
<status status="PASS" start="2025-07-09T14:18:12.768597" elapsed="0.000000"/>
</kw>
<kw name="Log" owner="BuiltIn">
<msg time="2025-07-09T14:18:12.768597" level="INFO">Usando credencial desde configuración central: juan.reina</msg>
<arg>Usando credencial desde configuración central: ${usuario}</arg>
<doc>Logs the given message with the given level.</doc>
<status status="PASS" start="2025-07-09T14:18:12.768597" elapsed="0.000000"/>
</kw>
<kw name="Abrir Navegador En Login">
<kw name="Open Browser" owner="SeleniumLibrary">
<msg time="2025-07-09T14:18:12.768597" level="INFO">Opening browser 'chrome' to base url 'https://erp-qa-beta.siesaerp.com/login?returnUrl=%2F'.</msg>
<msg time="2025-07-09T14:18:12.915850" level="WARN">The chromedriver version (137.0.7151.68) detected in PATH at C:\Users\jmreinam\AppData\Local\Programs\Python\Python39\Scripts\chromedriver.exe might not be compatible with the detected chrome version (138.0.7204.97); currently, chromedriver 138.0.7204.94 is recommended for chrome 138.*, so it is advised to delete the driver in PATH and retry</msg>
<arg>${URL_LOGIN}</arg>
<arg>${BROWSER}</arg>
<doc>Opens a new browser instance to the optional ``url``.</doc>
<status status="PASS" start="2025-07-09T14:18:12.768597" elapsed="2.799048"/>
</kw>
<kw name="Maximize Browser Window" owner="SeleniumLibrary">
<doc>Maximizes current browser window.</doc>
<status status="PASS" start="2025-07-09T14:18:15.568669" elapsed="0.033922"/>
</kw>
<kw name="Set Selenium Timeout" owner="SeleniumLibrary">
<arg>${TIMEOUT}</arg>
<doc>Sets the timeout that is used by various keywords.</doc>
<status status="PASS" start="2025-07-09T14:18:15.603663" elapsed="0.001001"/>
</kw>
<kw name="Wait Until Page Contains" owner="SeleniumLibrary">
<arg>Iniciar</arg>
<arg>timeout=${TIMEOUT}</arg>
<doc>Waits until ``text`` appears on the current page.</doc>
<status status="PASS" start="2025-07-09T14:18:15.604664" elapsed="0.954333"/>
</kw>
<doc>Abre el navegador y navega a la página de login con configuración robusta</doc>
<status status="PASS" start="2025-07-09T14:18:12.768597" elapsed="3.790400"/>
</kw>
<kw name="Sleep" owner="BuiltIn">
<msg time="2025-07-09T14:18:18.562773" level="INFO">Slept 2 seconds.</msg>
<arg>2s</arg>
<doc>Pauses the test executed for the given time.</doc>
<status status="PASS" start="2025-07-09T14:18:16.558997" elapsed="2.003776"/>
</kw>
<kw name="Wait Until Element Is Visible" owner="SeleniumLibrary">
<arg>${CAMPO_USUARIO}</arg>
<arg>timeout=${TIMEOUT}</arg>
<doc>Waits until the element ``locator`` is visible.</doc>
<status status="PASS" start="2025-07-09T14:18:18.563535" elapsed="0.024643"/>
</kw>
<kw name="Input Text" owner="SeleniumLibrary">
<msg time="2025-07-09T14:18:18.588178" level="INFO">Typing text 'juan.reina' into text field '//input[1]'.</msg>
<arg>${CAMPO_USUARIO}</arg>
<arg>${usuario}</arg>
<doc>Types the given ``text`` into the text field identified by ``locator``.</doc>
<status status="PASS" start="2025-07-09T14:18:18.588178" elapsed="0.069903"/>
</kw>
<kw name="Wait Until Element Is Visible" owner="SeleniumLibrary">
<arg>${CAMPO_CLAVE}</arg>
<arg>timeout=${TIMEOUT}</arg>
<doc>Waits until the element ``locator`` is visible.</doc>
<status status="PASS" start="2025-07-09T14:18:18.658081" elapsed="0.015829"/>
</kw>
<kw name="Input Text" owner="SeleniumLibrary">
<msg time="2025-07-09T14:18:18.674958" level="INFO">Typing text '1235' into text field '//input[@type='password']'.</msg>
<arg>${CAMPO_CLAVE}</arg>
<arg>${clave}</arg>
<doc>Types the given ``text`` into the text field identified by ``locator``.</doc>
<status status="PASS" start="2025-07-09T14:18:18.674958" elapsed="0.068653"/>
</kw>
<kw name="Wait Until Element Is Visible" owner="SeleniumLibrary">
<arg>${BOTON_LOGIN}</arg>
<arg>timeout=${TIMEOUT}</arg>
<doc>Waits until the element ``locator`` is visible.</doc>
<status status="PASS" start="2025-07-09T14:18:18.743611" elapsed="0.017414"/>
</kw>
<kw name="Click Element" owner="SeleniumLibrary">
<msg time="2025-07-09T14:18:18.761025" level="INFO">Clicking element '//*[@data-automation-id="SDKButton_submit"]'.</msg>
<arg>${BOTON_LOGIN}</arg>
<doc>Click the element identified by ``locator``.</doc>
<status status="PASS" start="2025-07-09T14:18:18.761025" elapsed="0.057813"/>
</kw>
<kw name="Wait Until Element Is Visible" owner="SeleniumLibrary">
<arg>${ELEMENTO_CONFIRMACION_LOGIN}</arg>
<arg>timeout=${TIMEOUT}</arg>
<doc>Waits until the element ``locator`` is visible.</doc>
<status status="PASS" start="2025-07-09T14:18:18.818838" elapsed="2.655969"/>
</kw>
<kw name="Log" owner="BuiltIn">
<msg time="2025-07-09T14:18:21.475842" level="INFO">Login exitoso confirmado con credenciales desde configuración centralizada v1.2</msg>
<arg>Login exitoso confirmado con credenciales desde configuración centralizada v1.2</arg>
<doc>Logs the given message with the given level.</doc>
<status status="PASS" start="2025-07-09T14:18:21.475842" elapsed="0.000000"/>
</kw>
<kw name="Capture Page Screenshot" owner="SeleniumLibrary">
<msg time="2025-07-09T14:18:21.907382" level="INFO" html="true">&lt;/td&gt;&lt;/tr&gt;&lt;tr&gt;&lt;td colspan="3"&gt;&lt;a href="login_exitoso_hibrido_v12.png"&gt;&lt;img src="login_exitoso_hibrido_v12.png" width="800px"&gt;&lt;/a&gt;</msg>
<arg>login_exitoso_hibrido_v12.png</arg>
<doc>Takes a screenshot of the current page and embeds it into a log file.</doc>
<status status="PASS" start="2025-07-09T14:18:21.476840" elapsed="0.431466"/>
</kw>
<kw name="Sleep" owner="BuiltIn">
<msg time="2025-07-09T14:18:24.922186" level="INFO">Slept 3 seconds.</msg>
<arg>3s</arg>
<doc>Pauses the test executed for the given time.</doc>
<status status="PASS" start="2025-07-09T14:18:21.908306" elapsed="3.013880"/>
</kw>
<kw name="Close Browser" owner="SeleniumLibrary" type="TEARDOWN">
<doc>Closes the current browser.</doc>
<status status="PASS" start="2025-07-09T14:18:24.923257" elapsed="2.232206"/>
</kw>
<doc>Verifica login exitoso con credenciales garantizadas desde configuración centralizada v1.2</doc>
<tag>login</tag>
<tag>priority_high</tag>
<tag>success</tag>
<status status="PASS" start="2025-07-09T14:18:12.768597" elapsed="14.386866"/>
</test>
<test id="s1-t2" name="Login Interface Validation" line="79">
<kw name="Abrir Navegador En Login">
<kw name="Open Browser" owner="SeleniumLibrary">
<msg time="2025-07-09T14:18:27.162074" level="INFO">Opening browser 'chrome' to base url 'https://erp-qa-beta.siesaerp.com/login?returnUrl=%2F'.</msg>
<msg time="2025-07-09T14:18:27.323545" level="WARN">The chromedriver version (137.0.7151.68) detected in PATH at C:\Users\jmreinam\AppData\Local\Programs\Python\Python39\Scripts\chromedriver.exe might not be compatible with the detected chrome version (138.0.7204.97); currently, chromedriver 138.0.7204.94 is recommended for chrome 138.*, so it is advised to delete the driver in PATH and retry</msg>
<arg>${URL_LOGIN}</arg>
<arg>${BROWSER}</arg>
<doc>Opens a new browser instance to the optional ``url``.</doc>
<status status="PASS" start="2025-07-09T14:18:27.162074" elapsed="2.933467"/>
</kw>
<kw name="Maximize Browser Window" owner="SeleniumLibrary">
<doc>Maximizes current browser window.</doc>
<status status="PASS" start="2025-07-09T14:18:30.095541" elapsed="0.024402"/>
</kw>
<kw name="Set Selenium Timeout" owner="SeleniumLibrary">
<arg>${TIMEOUT}</arg>
<doc>Sets the timeout that is used by various keywords.</doc>
<status status="PASS" start="2025-07-09T14:18:30.120964" elapsed="0.000979"/>
</kw>
<kw name="Wait Until Page Contains" owner="SeleniumLibrary">
<arg>Iniciar</arg>
<arg>timeout=${TIMEOUT}</arg>
<doc>Waits until ``text`` appears on the current page.</doc>
<status status="PASS" start="2025-07-09T14:18:30.121943" elapsed="0.930669"/>
</kw>
<doc>Abre el navegador y navega a la página de login con configuración robusta</doc>
<status status="PASS" start="2025-07-09T14:18:27.162074" elapsed="3.890538"/>
</kw>
<kw name="Wait Until Element Is Visible" owner="SeleniumLibrary">
<arg>${CAMPO_USUARIO}</arg>
<arg>timeout=${TIMEOUT}</arg>
<doc>Waits until the element ``locator`` is visible.</doc>
<status status="PASS" start="2025-07-09T14:18:31.052612" elapsed="0.059439"/>
</kw>
<kw name="Wait Until Element Is Visible" owner="SeleniumLibrary">
<arg>${CAMPO_CLAVE}</arg>
<arg>timeout=${TIMEOUT}</arg>
<doc>Waits until the element ``locator`` is visible.</doc>
<status status="PASS" start="2025-07-09T14:18:31.113222" elapsed="0.023711"/>
</kw>
<kw name="Wait Until Element Is Visible" owner="SeleniumLibrary">
<arg>${BOTON_LOGIN}</arg>
<arg>timeout=${TIMEOUT}</arg>
<doc>Waits until the element ``locator`` is visible.</doc>
<status status="PASS" start="2025-07-09T14:18:31.137526" elapsed="0.044056"/>
</kw>
<kw name="Wait Until Page Contains" owner="SeleniumLibrary">
<arg>Iniciar sesión</arg>
<arg>timeout=${TIMEOUT}</arg>
<doc>Waits until ``text`` appears on the current page.</doc>
<status status="PASS" start="2025-07-09T14:18:31.181582" elapsed="0.005790"/>
</kw>
<kw name="Element Should Be Enabled" owner="SeleniumLibrary">
<arg>${CAMPO_USUARIO}</arg>
<doc>Verifies that element identified by ``locator`` is enabled.</doc>
<status status="PASS" start="2025-07-09T14:18:31.187372" elapsed="0.030306"/>
</kw>
<kw name="Element Should Be Enabled" owner="SeleniumLibrary">
<arg>${CAMPO_CLAVE}</arg>
<doc>Verifies that element identified by ``locator`` is enabled.</doc>
<status status="PASS" start="2025-07-09T14:18:31.217678" elapsed="0.016639"/>
</kw>
<kw name="Element Should Be Enabled" owner="SeleniumLibrary">
<arg>${BOTON_LOGIN}</arg>
<doc>Verifies that element identified by ``locator`` is enabled.</doc>
<status status="PASS" start="2025-07-09T14:18:31.234817" elapsed="0.011119"/>
</kw>
<kw name="Log" owner="BuiltIn">
<msg time="2025-07-09T14:18:31.245936" level="INFO">Interfaz de login validada correctamente</msg>
<arg>Interfaz de login validada correctamente</arg>
<doc>Logs the given message with the given level.</doc>
<status status="PASS" start="2025-07-09T14:18:31.245936" elapsed="0.000000"/>
</kw>
<kw name="Close Browser" owner="SeleniumLibrary" type="TEARDOWN">
<doc>Closes the current browser.</doc>
<status status="PASS" start="2025-07-09T14:18:31.252033" elapsed="2.142971"/>
</kw>
<doc>Valida que todos los elementos de la interfaz de login estén presentes</doc>
<tag>interface</tag>
<tag>ui</tag>
<tag>validation</tag>
<status status="PASS" start="2025-07-09T14:18:27.155463" elapsed="6.239541"/>
</test>
<test id="s1-t3" name="Login With Empty Fields" line="102">
<kw name="Abrir Navegador En Login">
<kw name="Open Browser" owner="SeleniumLibrary">
<msg time="2025-07-09T14:18:33.395004" level="INFO">Opening browser 'chrome' to base url 'https://erp-qa-beta.siesaerp.com/login?returnUrl=%2F'.</msg>
<msg time="2025-07-09T14:18:33.571319" level="WARN">The chromedriver version (137.0.7151.68) detected in PATH at C:\Users\jmreinam\AppData\Local\Programs\Python\Python39\Scripts\chromedriver.exe might not be compatible with the detected chrome version (138.0.7204.97); currently, chromedriver 138.0.7204.94 is recommended for chrome 138.*, so it is advised to delete the driver in PATH and retry</msg>
<arg>${URL_LOGIN}</arg>
<arg>${BROWSER}</arg>
<doc>Opens a new browser instance to the optional ``url``.</doc>
<status status="PASS" start="2025-07-09T14:18:33.395004" elapsed="1.878181"/>
</kw>
<kw name="Maximize Browser Window" owner="SeleniumLibrary">
<doc>Maximizes current browser window.</doc>
<status status="PASS" start="2025-07-09T14:18:35.273883" elapsed="0.951118"/>
</kw>
<kw name="Set Selenium Timeout" owner="SeleniumLibrary">
<arg>${TIMEOUT}</arg>
<doc>Sets the timeout that is used by various keywords.</doc>
<status status="PASS" start="2025-07-09T14:18:36.225001" elapsed="0.002002"/>
</kw>
<kw name="Wait Until Page Contains" owner="SeleniumLibrary">
<arg>Iniciar</arg>
<arg>timeout=${TIMEOUT}</arg>
<doc>Waits until ``text`` appears on the current page.</doc>
<status status="PASS" start="2025-07-09T14:18:36.227003" elapsed="0.927260"/>
</kw>
<doc>Abre el navegador y navega a la página de login con configuración robusta</doc>
<status status="PASS" start="2025-07-09T14:18:33.395004" elapsed="3.759259"/>
</kw>
<kw name="Wait Until Element Is Visible" owner="SeleniumLibrary">
<arg>${CAMPO_USUARIO}</arg>
<arg>timeout=${TIMEOUT}</arg>
<doc>Waits until the element ``locator`` is visible.</doc>
<status status="PASS" start="2025-07-09T14:18:37.155746" elapsed="0.044372"/>
</kw>
<kw name="Wait Until Element Is Visible" owner="SeleniumLibrary">
<arg>${CAMPO_CLAVE}</arg>
<arg>timeout=${TIMEOUT}</arg>
<doc>Waits until the element ``locator`` is visible.</doc>
<status status="PASS" start="2025-07-09T14:18:37.201618" elapsed="0.035906"/>
</kw>
<kw name="Input Text" owner="SeleniumLibrary">
<msg time="2025-07-09T14:18:37.240007" level="INFO">Typing text '' into text field '//input[1]'.</msg>
<arg>${CAMPO_USUARIO}</arg>
<arg>${EMPTY}</arg>
<doc>Types the given ``text`` into the text field identified by ``locator``.</doc>
<status status="PASS" start="2025-07-09T14:18:37.238562" elapsed="0.059450"/>
</kw>
<kw name="Input Text" owner="SeleniumLibrary">
<msg time="2025-07-09T14:18:37.298968" level="INFO">Typing text '' into text field '//input[@type='password']'.</msg>
<arg>${CAMPO_CLAVE}</arg>
<arg>${EMPTY}</arg>
<doc>Types the given ``text`` into the text field identified by ``locator``.</doc>
<status status="PASS" start="2025-07-09T14:18:37.298061" elapsed="0.124384"/>
</kw>
<kw name="Click Element" owner="SeleniumLibrary">
<msg time="2025-07-09T14:18:37.422445" level="INFO">Clicking element '//*[@data-automation-id="SDKButton_submit"]'.</msg>
<arg>${BOTON_LOGIN}</arg>
<doc>Click the element identified by ``locator``.</doc>
<status status="PASS" start="2025-07-09T14:18:37.422445" elapsed="0.084487"/>
</kw>
<kw name="Wait Until Element Is Visible" owner="SeleniumLibrary">
<arg>${MENSAJE_CAMPOS_REQUERIDOS}</arg>
<arg>timeout=${TIMEOUT}</arg>
<doc>Waits until the element ``locator`` is visible.</doc>
<status status="PASS" start="2025-07-09T14:18:37.511968" elapsed="0.281326"/>
</kw>
<kw name="Log" owner="BuiltIn">
<msg time="2025-07-09T14:18:37.793294" level="INFO">Mensaje de campos requeridos mostrado correctamente</msg>
<arg>Mensaje de campos requeridos mostrado correctamente</arg>
<doc>Logs the given message with the given level.</doc>
<status status="PASS" start="2025-07-09T14:18:37.793294" elapsed="0.000000"/>
</kw>
<kw name="Capture Page Screenshot" owner="SeleniumLibrary">
<msg time="2025-07-09T14:18:37.974820" level="INFO" html="true">&lt;/td&gt;&lt;/tr&gt;&lt;tr&gt;&lt;td colspan="3"&gt;&lt;a href="login_campos_vacios_v12.png"&gt;&lt;img src="login_campos_vacios_v12.png" width="800px"&gt;&lt;/a&gt;</msg>
<arg>login_campos_vacios_v12.png</arg>
<doc>Takes a screenshot of the current page and embeds it into a log file.</doc>
<status status="PASS" start="2025-07-09T14:18:37.794437" elapsed="0.180885"/>
</kw>
<kw name="Close Browser" owner="SeleniumLibrary" type="TEARDOWN">
<doc>Closes the current browser.</doc>
<status status="PASS" start="2025-07-09T14:18:37.977820" elapsed="3.958940"/>
</kw>
<doc>Valida comportamiento del sistema con campos vacíos</doc>
<tag>empty_fields</tag>
<tag>error</tag>
<tag>validation</tag>
<status status="PASS" start="2025-07-09T14:18:33.395004" elapsed="8.541756"/>
</test>
<test id="s1-t4" name="Login With Invalid Username" line="125">
<kw name="Cargar Configuracion Central">
<kw name="Obtener Estado Biblioteca" owner="GeminiLibrary">
<msg time="2025-07-09T14:18:41.936760" level="INFO">${estado_biblioteca} = {'gemini_disponible': True, 'api_key_configurada': False, 'modelo_inicializado': False, 'modelo_nombre': 'gemini-1.5-flash', 'version': '4.0', 'modo': 'Fallback', 'tipo': 'Biblioteca Híbrida Gemini-Cl...</msg>
<var>${estado_biblioteca}</var>
<doc>Retorna información sobre el estado de la librería híbrida
VERSIÓN v1.2: Incluye información de configuración centralizada</doc>
<status status="PASS" start="2025-07-09T14:18:41.936760" elapsed="0.000000"/>
</kw>
<kw name="Get From Dictionary" owner="Collections">
<msg time="2025-07-09T14:18:41.936760" level="INFO">${config_info} = {'disponible': False, 'archivo_existe': False, 'total_credenciales': 0, 'entornos': [], 'errores': ['ConfigManager no inicializado']}</msg>
<var>${config_info}</var>
<arg>${estado_biblioteca}</arg>
<arg>config_centralizada</arg>
<doc>Returns a value from the given ``dictionary`` based on the given ``key``.</doc>
<status status="PASS" start="2025-07-09T14:18:41.936760" elapsed="0.000000"/>
</kw>
<kw name="Get From Dictionary" owner="Collections">
<msg time="2025-07-09T14:18:41.936760" level="INFO">${config_disponible} = False</msg>
<var>${config_disponible}</var>
<arg>${config_info}</arg>
<arg>disponible</arg>
<doc>Returns a value from the given ``dictionary`` based on the given ``key``.</doc>
<status status="PASS" start="2025-07-09T14:18:41.936760" elapsed="0.000000"/>
</kw>
<kw name="Run Keyword If" owner="BuiltIn">
<kw name="Log" owner="BuiltIn">
<msg time="2025-07-09T14:18:41.936760" level="INFO">⚠️ ADVERTENCIA: Sistema de configuración centralizada no disponible, usando fallback</msg>
<arg>⚠️ ADVERTENCIA: Sistema de configuración centralizada no disponible, usando fallback</arg>
<doc>Logs the given message with the given level.</doc>
<status status="PASS" start="2025-07-09T14:18:41.936760" elapsed="0.000000"/>
</kw>
<arg>not ${config_disponible}</arg>
<arg>Log</arg>
<arg>⚠️ ADVERTENCIA: Sistema de configuración centralizada no disponible, usando fallback</arg>
<arg>ELSE</arg>
<arg>Log</arg>
<arg>✅ Sistema de configuración centralizada v1.2 activo y funcionando</arg>
<doc>Runs the given keyword with the given arguments, if ``condition`` is true.</doc>
<status status="PASS" start="2025-07-09T14:18:41.936760" elapsed="0.000000"/>
</kw>
<doc>Carga la configuración centralizada v1.2 y valida que esté disponible</doc>
<status status="PASS" start="2025-07-09T14:18:41.936760" elapsed="0.000000"/>
</kw>
<kw name="Generar Credenciales Siesa" owner="GeminiLibrary">
<msg time="2025-07-09T14:18:41.936760" level="INFO">⚠️ Usando credenciales válidas de fallback (no centralizadas)</msg>
<msg time="2025-07-09T14:18:41.936760" level="INFO">${credenciales} = {'metadata': {'generado_en': '2025-07-09T14:18:41.936760', 'cantidad_solicitada': 1, 'proveedor_ia': 'fallback', 'version': '4.0', 'biblioteca': 'GeminiLibrary', 'config_centralizada': False}, 'creden...</msg>
<var>${credenciales}</var>
<arg>cantidad=1</arg>
<doc>Genera credenciales específicamente para SIESA ERP (método único de Gemini)
VERSIÓN v1.2: Integrado con sistema de configuración centralizada</doc>
<status status="PASS" start="2025-07-09T14:18:41.936760" elapsed="0.000000"/>
</kw>
<kw name="Get From Dictionary" owner="Collections">
<msg time="2025-07-09T14:18:41.936760" level="INFO">${invalidas} = [{'usuario': '', 'clave': '', 'descripcion': 'Campos completamente vacíos', 'error_esperado': 'required_fields', 'categoria': 'campos_vacios'}]</msg>
<var>${invalidas}</var>
<arg>${credenciales}</arg>
<arg>credenciales_invalidas</arg>
<doc>Returns a value from the given ``dictionary`` based on the given ``key``.</doc>
<status status="PASS" start="2025-07-09T14:18:41.936760" elapsed="0.000000"/>
</kw>
<kw name="Set Variable" owner="BuiltIn">
<msg time="2025-07-09T14:18:41.936760" level="INFO">${cred_test} = {'usuario': '', 'clave': '', 'descripcion': 'Campos completamente vacíos', 'error_esperado': 'required_fields', 'categoria': 'campos_vacios'}</msg>
<var>${cred_test}</var>
<arg>${invalidas[0]}</arg>
<doc>Returns the given values which can then be assigned to a variables.</doc>
<status status="PASS" start="2025-07-09T14:18:41.936760" elapsed="0.000000"/>
</kw>
<kw name="Get From Dictionary" owner="Collections">
<msg time="2025-07-09T14:18:41.936760" level="INFO">${usuario_invalido} = </msg>
<var>${usuario_invalido}</var>
<arg>${cred_test}</arg>
<arg>usuario</arg>
<doc>Returns a value from the given ``dictionary`` based on the given ``key``.</doc>
<status status="PASS" start="2025-07-09T14:18:41.936760" elapsed="0.000000"/>
</kw>
<kw name="Set Variable If" owner="BuiltIn">
<msg time="2025-07-09T14:18:41.936760" level="INFO">${usuario_final} = usuario_inexistente_hibrido_v12</msg>
<var>${usuario_final}</var>
<arg>'${usuario_invalido}' == ''</arg>
<arg>usuario_inexistente_hibrido_v12</arg>
<arg>${usuario_invalido}</arg>
<doc>Sets variable based on the given condition.</doc>
<status status="PASS" start="2025-07-09T14:18:41.936760" elapsed="0.000000"/>
</kw>
<kw name="Abrir Navegador En Login">
<kw name="Open Browser" owner="SeleniumLibrary">
<msg time="2025-07-09T14:18:41.936760" level="INFO">Opening browser 'chrome' to base url 'https://erp-qa-beta.siesaerp.com/login?returnUrl=%2F'.</msg>
<msg time="2025-07-09T14:18:42.081714" level="WARN">The chromedriver version (137.0.7151.68) detected in PATH at C:\Users\jmreinam\AppData\Local\Programs\Python\Python39\Scripts\chromedriver.exe might not be compatible with the detected chrome version (138.0.7204.97); currently, chromedriver 138.0.7204.94 is recommended for chrome 138.*, so it is advised to delete the driver in PATH and retry</msg>
<arg>${URL_LOGIN}</arg>
<arg>${BROWSER}</arg>
<doc>Opens a new browser instance to the optional ``url``.</doc>
<status status="PASS" start="2025-07-09T14:18:41.936760" elapsed="3.403754"/>
</kw>
<kw name="Maximize Browser Window" owner="SeleniumLibrary">
<doc>Maximizes current browser window.</doc>
<status status="PASS" start="2025-07-09T14:18:45.340514" elapsed="0.027637"/>
</kw>
<kw name="Set Selenium Timeout" owner="SeleniumLibrary">
<arg>${TIMEOUT}</arg>
<doc>Sets the timeout that is used by various keywords.</doc>
<status status="PASS" start="2025-07-09T14:18:45.369188" elapsed="0.000980"/>
</kw>
<kw name="Wait Until Page Contains" owner="SeleniumLibrary">
<arg>Iniciar</arg>
<arg>timeout=${TIMEOUT}</arg>
<doc>Waits until ``text`` appears on the current page.</doc>
<status status="PASS" start="2025-07-09T14:18:45.370168" elapsed="0.980863"/>
</kw>
<doc>Abre el navegador y navega a la página de login con configuración robusta</doc>
<status status="PASS" start="2025-07-09T14:18:41.936760" elapsed="4.414771"/>
</kw>
<kw name="Wait Until Element Is Visible" owner="SeleniumLibrary">
<arg>${CAMPO_USUARIO}</arg>
<arg>timeout=${TIMEOUT}</arg>
<doc>Waits until the element ``locator`` is visible.</doc>
<status status="PASS" start="2025-07-09T14:18:46.351531" elapsed="0.028606"/>
</kw>
<kw name="Wait Until Element Is Visible" owner="SeleniumLibrary">
<arg>${CAMPO_CLAVE}</arg>
<arg>timeout=${TIMEOUT}</arg>
<doc>Waits until the element ``locator`` is visible.</doc>
<status status="PASS" start="2025-07-09T14:18:46.380639" elapsed="0.016112"/>
</kw>
<kw name="Input Text" owner="SeleniumLibrary">
<msg time="2025-07-09T14:18:46.396751" level="INFO">Typing text 'usuario_inexistente_hibrido_v12' into text field '//input[1]'.</msg>
<arg>${CAMPO_USUARIO}</arg>
<arg>${usuario_final}</arg>
<doc>Types the given ``text`` into the text field identified by ``locator``.</doc>
<status status="PASS" start="2025-07-09T14:18:46.396751" elapsed="0.144344"/>
</kw>
<kw name="Input Text" owner="SeleniumLibrary">
<msg time="2025-07-09T14:18:46.541095" level="INFO">Typing text 'password123' into text field '//input[@type='password']'.</msg>
<arg>${CAMPO_CLAVE}</arg>
<arg>password123</arg>
<doc>Types the given ``text`` into the text field identified by ``locator``.</doc>
<status status="PASS" start="2025-07-09T14:18:46.541095" elapsed="0.152744"/>
</kw>
<kw name="Click Element" owner="SeleniumLibrary">
<msg time="2025-07-09T14:18:46.695838" level="INFO">Clicking element '//*[@data-automation-id="SDKButton_submit"]'.</msg>
<arg>${BOTON_LOGIN}</arg>
<doc>Click the element identified by ``locator``.</doc>
<status status="PASS" start="2025-07-09T14:18:46.695338" elapsed="0.115431"/>
</kw>
<kw name="Run Keyword And Return Status" owner="BuiltIn">
<kw name="Wait Until Element Is Visible" owner="SeleniumLibrary">
<arg>${MENSAJE_CAMPOS_REQUERIDOS}</arg>
<arg>timeout=10s</arg>
<doc>Waits until the element ``locator`` is visible.</doc>
<status status="PASS" start="2025-07-09T14:18:46.811772" elapsed="0.233531"/>
</kw>
<msg time="2025-07-09T14:18:47.045303" level="INFO">${error_campos} = True</msg>
<var>${error_campos}</var>
<arg>Wait Until Element Is Visible</arg>
<arg>${MENSAJE_CAMPOS_REQUERIDOS}</arg>
<arg>timeout=10s</arg>
<doc>Runs the given keyword with given arguments and returns the status as a Boolean value.</doc>
<status status="PASS" start="2025-07-09T14:18:46.811268" elapsed="0.234035"/>
</kw>
<kw name="Run Keyword And Return Status" owner="BuiltIn">
<kw name="Wait Until Element Is Visible" owner="SeleniumLibrary">
<msg time="2025-07-09T14:18:57.435983" level="INFO" html="true">&lt;/td&gt;&lt;/tr&gt;&lt;tr&gt;&lt;td colspan="3"&gt;&lt;a href="selenium-screenshot-3.png"&gt;&lt;img src="selenium-screenshot-3.png" width="800px"&gt;&lt;/a&gt;</msg>
<msg time="2025-07-09T14:18:57.435983" level="FAIL">Element '//div[contains(@class, 'rz-notification-content') and contains(text(), 'Credenciales invalidas')]' not visible after 10 seconds.</msg>
<arg>${MENSAJE_CREDENCIALES_INVALIDAS}</arg>
<arg>timeout=10s</arg>
<doc>Waits until the element ``locator`` is visible.</doc>
<status status="FAIL" start="2025-07-09T14:18:47.045303" elapsed="10.406775">Element '//div[contains(@class, 'rz-notification-content') and contains(text(), 'Credenciales invalidas')]' not visible after 10 seconds.</status>
</kw>
<msg time="2025-07-09T14:18:57.452078" level="INFO">${error_credenciales} = False</msg>
<var>${error_credenciales}</var>
<arg>Wait Until Element Is Visible</arg>
<arg>${MENSAJE_CREDENCIALES_INVALIDAS}</arg>
<arg>timeout=10s</arg>
<doc>Runs the given keyword with given arguments and returns the status as a Boolean value.</doc>
<status status="PASS" start="2025-07-09T14:18:47.045303" elapsed="10.406775"/>
</kw>
<kw name="Evaluate" owner="BuiltIn">
<msg time="2025-07-09T14:18:57.452078" level="INFO">${hay_error} = True</msg>
<var>${hay_error}</var>
<arg>${error_campos} or ${error_credenciales}</arg>
<doc>Evaluates the given expression in Python and returns the result.</doc>
<status status="PASS" start="2025-07-09T14:18:57.452078" elapsed="0.000000"/>
</kw>
<kw name="Should Be True" owner="BuiltIn">
<arg>${hay_error}</arg>
<arg>Se esperaba algún mensaje de error</arg>
<doc>Fails if the given condition is not true.</doc>
<status status="PASS" start="2025-07-09T14:18:57.452078" elapsed="0.000000"/>
</kw>
<kw name="Capture Page Screenshot" owner="SeleniumLibrary">
<msg time="2025-07-09T14:18:57.649693" level="INFO" html="true">&lt;/td&gt;&lt;/tr&gt;&lt;tr&gt;&lt;td colspan="3"&gt;&lt;a href="login_password_invalido_v12.png"&gt;&lt;img src="login_password_invalido_v12.png" width="800px"&gt;&lt;/a&gt;</msg>
<arg>login_password_invalido_v12.png</arg>
<doc>Takes a screenshot of the current page and embeds it into a log file.</doc>
<status status="PASS" start="2025-07-09T14:18:57.452078" elapsed="0.197615"/>
</kw>
<kw name="Close Browser" owner="SeleniumLibrary" type="TEARDOWN">
<doc>Closes the current browser.</doc>
<status status="PASS" start="2025-07-09T14:18:57.649693" elapsed="2.202234"/>
</kw>
<doc>Prueba login con usuario inexistente usando configuración centralizada v1.2</doc>
<tag>error</tag>
<tag>invalid_credentials</tag>
<status status="PASS" start="2025-07-09T14:18:41.936760" elapsed="17.915167"/>
</test>
<test id="s1-t5" name="Login With Generated Invalid Credentials" line="164">
<kw name="Cargar Configuracion Central">
<kw name="Obtener Estado Biblioteca" owner="GeminiLibrary">
<msg time="2025-07-09T14:18:59.851927" level="INFO">${estado_biblioteca} = {'gemini_disponible': True, 'api_key_configurada': False, 'modelo_inicializado': False, 'modelo_nombre': 'gemini-1.5-flash', 'version': '4.0', 'modo': 'Fallback', 'tipo': 'Biblioteca Híbrida Gemini-Cl...</msg>
<var>${estado_biblioteca}</var>
<doc>Retorna información sobre el estado de la librería híbrida
VERSIÓN v1.2: Incluye información de configuración centralizada</doc>
<status status="PASS" start="2025-07-09T14:18:59.851927" elapsed="0.000000"/>
</kw>
<kw name="Get From Dictionary" owner="Collections">
<msg time="2025-07-09T14:18:59.851927" level="INFO">${config_info} = {'disponible': False, 'archivo_existe': False, 'total_credenciales': 0, 'entornos': [], 'errores': ['ConfigManager no inicializado']}</msg>
<var>${config_info}</var>
<arg>${estado_biblioteca}</arg>
<arg>config_centralizada</arg>
<doc>Returns a value from the given ``dictionary`` based on the given ``key``.</doc>
<status status="PASS" start="2025-07-09T14:18:59.851927" elapsed="0.000000"/>
</kw>
<kw name="Get From Dictionary" owner="Collections">
<msg time="2025-07-09T14:18:59.851927" level="INFO">${config_disponible} = False</msg>
<var>${config_disponible}</var>
<arg>${config_info}</arg>
<arg>disponible</arg>
<doc>Returns a value from the given ``dictionary`` based on the given ``key``.</doc>
<status status="PASS" start="2025-07-09T14:18:59.851927" elapsed="0.000000"/>
</kw>
<kw name="Run Keyword If" owner="BuiltIn">
<kw name="Log" owner="BuiltIn">
<msg time="2025-07-09T14:18:59.851927" level="INFO">⚠️ ADVERTENCIA: Sistema de configuración centralizada no disponible, usando fallback</msg>
<arg>⚠️ ADVERTENCIA: Sistema de configuración centralizada no disponible, usando fallback</arg>
<doc>Logs the given message with the given level.</doc>
<status status="PASS" start="2025-07-09T14:18:59.851927" elapsed="0.000000"/>
</kw>
<arg>not ${config_disponible}</arg>
<arg>Log</arg>
<arg>⚠️ ADVERTENCIA: Sistema de configuración centralizada no disponible, usando fallback</arg>
<arg>ELSE</arg>
<arg>Log</arg>
<arg>✅ Sistema de configuración centralizada v1.2 activo y funcionando</arg>
<doc>Runs the given keyword with the given arguments, if ``condition`` is true.</doc>
<status status="PASS" start="2025-07-09T14:18:59.851927" elapsed="0.000000"/>
</kw>
<doc>Carga la configuración centralizada v1.2 y valida que esté disponible</doc>
<status status="PASS" start="2025-07-09T14:18:59.851927" elapsed="0.000000"/>
</kw>
<kw name="Generar Credenciales Siesa" owner="GeminiLibrary">
<msg time="2025-07-09T14:18:59.851927" level="INFO">⚠️ Usando credenciales válidas de fallback (no centralizadas)</msg>
<msg time="2025-07-09T14:18:59.851927" level="INFO">${credenciales} = {'metadata': {'generado_en': '2025-07-09T14:18:59.851927', 'cantidad_solicitada': 3, 'proveedor_ia': 'fallback', 'version': '4.0', 'biblioteca': 'GeminiLibrary', 'config_centralizada': False}, 'creden...</msg>
<var>${credenciales}</var>
<arg>cantidad=3</arg>
<doc>Genera credenciales específicamente para SIESA ERP (método único de Gemini)
VERSIÓN v1.2: Integrado con sistema de configuración centralizada</doc>
<status status="PASS" start="2025-07-09T14:18:59.851927" elapsed="0.000000"/>
</kw>
<kw name="Get From Dictionary" owner="Collections">
<msg time="2025-07-09T14:18:59.851927" level="INFO">${invalidas} = [{'usuario': '', 'clave': '', 'descripcion': 'Campos completamente vacíos', 'error_esperado': 'required_fields', 'categoria': 'campos_vacios'}, {'usuario': 'usuario_inexistente_2025', 'clave': 'passwo...</msg>
<var>${invalidas}</var>
<arg>${credenciales}</arg>
<arg>credenciales_invalidas</arg>
<doc>Returns a value from the given ``dictionary`` based on the given ``key``.</doc>
<status status="PASS" start="2025-07-09T14:18:59.851927" elapsed="0.000000"/>
</kw>
<kw name="Abrir Navegador En Login">
<kw name="Open Browser" owner="SeleniumLibrary">
<msg time="2025-07-09T14:18:59.851927" level="INFO">Opening browser 'chrome' to base url 'https://erp-qa-beta.siesaerp.com/login?returnUrl=%2F'.</msg>
<msg time="2025-07-09T14:18:59.992605" level="WARN">The chromedriver version (137.0.7151.68) detected in PATH at C:\Users\jmreinam\AppData\Local\Programs\Python\Python39\Scripts\chromedriver.exe might not be compatible with the detected chrome version (138.0.7204.97); currently, chromedriver 138.0.7204.94 is recommended for chrome 138.*, so it is advised to delete the driver in PATH and retry</msg>
<arg>${URL_LOGIN}</arg>
<arg>${BROWSER}</arg>
<doc>Opens a new browser instance to the optional ``url``.</doc>
<status status="PASS" start="2025-07-09T14:18:59.851927" elapsed="2.220387"/>
</kw>
<kw name="Maximize Browser Window" owner="SeleniumLibrary">
<doc>Maximizes current browser window.</doc>
<status status="PASS" start="2025-07-09T14:19:02.072814" elapsed="1.056449"/>
</kw>
<kw name="Set Selenium Timeout" owner="SeleniumLibrary">
<arg>${TIMEOUT}</arg>
<doc>Sets the timeout that is used by various keywords.</doc>
<status status="PASS" start="2025-07-09T14:19:03.129263" elapsed="0.001939"/>
</kw>
<kw name="Wait Until Page Contains" owner="SeleniumLibrary">
<arg>Iniciar</arg>
<arg>timeout=${TIMEOUT}</arg>
<doc>Waits until ``text`` appears on the current page.</doc>
<status status="PASS" start="2025-07-09T14:19:03.131202" elapsed="0.927103"/>
</kw>
<doc>Abre el navegador y navega a la página de login con configuración robusta</doc>
<status status="PASS" start="2025-07-09T14:18:59.851927" elapsed="4.206378"/>
</kw>
<kw name="Set Variable" owner="BuiltIn">
<msg time="2025-07-09T14:19:04.058305" level="INFO">${cred_test} = {'usuario': '', 'clave': '', 'descripcion': 'Campos completamente vacíos', 'error_esperado': 'required_fields', 'categoria': 'campos_vacios'}</msg>
<var>${cred_test}</var>
<arg>${invalidas[0]}</arg>
<doc>Returns the given values which can then be assigned to a variables.</doc>
<status status="PASS" start="2025-07-09T14:19:04.058305" elapsed="0.000000"/>
</kw>
<kw name="Get From Dictionary" owner="Collections">
<msg time="2025-07-09T14:19:04.074482" level="INFO">${usuario_test} = </msg>
<var>${usuario_test}</var>
<arg>${cred_test}</arg>
<arg>usuario</arg>
<doc>Returns a value from the given ``dictionary`` based on the given ``key``.</doc>
<status status="PASS" start="2025-07-09T14:19:04.074132" elapsed="0.000943"/>
</kw>
<kw name="Get From Dictionary" owner="Collections">
<msg time="2025-07-09T14:19:04.075075" level="INFO">${clave_test} = </msg>
<var>${clave_test}</var>
<arg>${cred_test}</arg>
<arg>clave</arg>
<doc>Returns a value from the given ``dictionary`` based on the given ``key``.</doc>
<status status="PASS" start="2025-07-09T14:19:04.075075" elapsed="0.000000"/>
</kw>
<kw name="Get From Dictionary" owner="Collections">
<msg time="2025-07-09T14:19:04.075075" level="INFO">${categoria} = campos_vacios</msg>
<var>${categoria}</var>
<arg>${cred_test}</arg>
<arg>categoria</arg>
<doc>Returns a value from the given ``dictionary`` based on the given ``key``.</doc>
<status status="PASS" start="2025-07-09T14:19:04.075075" elapsed="0.000000"/>
</kw>
<kw name="Log" owner="BuiltIn">
<msg time="2025-07-09T14:19:04.075075" level="INFO">Probando credencial generada por Gemini - Categoría: campos_vacios</msg>
<arg>Probando credencial generada por Gemini - Categoría: ${categoria}</arg>
<doc>Logs the given message with the given level.</doc>
<status status="PASS" start="2025-07-09T14:19:04.075075" elapsed="0.000000"/>
</kw>
<kw name="Set Variable If" owner="BuiltIn">
<msg time="2025-07-09T14:19:04.075075" level="INFO">${usuario_final} = usuario_vacio_v12</msg>
<var>${usuario_final}</var>
<arg>'${usuario_test}' == ''</arg>
<arg>usuario_vacio_v12</arg>
<arg>${usuario_test}</arg>
<doc>Sets variable based on the given condition.</doc>
<status status="PASS" start="2025-07-09T14:19:04.075075" elapsed="0.000000"/>
</kw>
<kw name="Set Variable If" owner="BuiltIn">
<msg time="2025-07-09T14:19:04.075075" level="INFO">${clave_final} = clave_vacia_v12</msg>
<var>${clave_final}</var>
<arg>'${clave_test}' == ''</arg>
<arg>clave_vacia_v12</arg>
<arg>${clave_test}</arg>
<doc>Sets variable based on the given condition.</doc>
<status status="PASS" start="2025-07-09T14:19:04.075075" elapsed="0.000000"/>
</kw>
<kw name="Wait Until Element Is Visible" owner="SeleniumLibrary">
<arg>${CAMPO_USUARIO}</arg>
<arg>timeout=${TIMEOUT}</arg>
<doc>Waits until the element ``locator`` is visible.</doc>
<status status="PASS" start="2025-07-09T14:19:04.075075" elapsed="0.026282"/>
</kw>
<kw name="Wait Until Element Is Visible" owner="SeleniumLibrary">
<arg>${CAMPO_CLAVE}</arg>
<arg>timeout=${TIMEOUT}</arg>
<doc>Waits until the element ``locator`` is visible.</doc>
<status status="PASS" start="2025-07-09T14:19:04.101357" elapsed="0.018244"/>
</kw>
<kw name="Input Text" owner="SeleniumLibrary">
<msg time="2025-07-09T14:19:04.119601" level="INFO">Typing text 'usuario_vacio_v12' into text field '//input[1]'.</msg>
<arg>${CAMPO_USUARIO}</arg>
<arg>${usuario_final}</arg>
<doc>Types the given ``text`` into the text field identified by ``locator``.</doc>
<status status="PASS" start="2025-07-09T14:19:04.119601" elapsed="0.069742"/>
</kw>
<kw name="Input Text" owner="SeleniumLibrary">
<msg time="2025-07-09T14:19:04.189343" level="INFO">Typing text 'clave_vacia_v12' into text field '//input[@type='password']'.</msg>
<arg>${CAMPO_CLAVE}</arg>
<arg>${clave_final}</arg>
<doc>Types the given ``text`` into the text field identified by ``locator``.</doc>
<status status="PASS" start="2025-07-09T14:19:04.189343" elapsed="0.068694"/>
</kw>
<kw name="Click Element" owner="SeleniumLibrary">
<msg time="2025-07-09T14:19:04.258037" level="INFO">Clicking element '//*[@data-automation-id="SDKButton_submit"]'.</msg>
<arg>${BOTON_LOGIN}</arg>
<doc>Click the element identified by ``locator``.</doc>
<status status="PASS" start="2025-07-09T14:19:04.258037" elapsed="0.053223"/>
</kw>
<kw name="Run Keyword And Return Status" owner="BuiltIn">
<kw name="Wait Until Element Is Visible" owner="SeleniumLibrary">
<arg>${MENSAJE_CAMPOS_REQUERIDOS}</arg>
<arg>timeout=10s</arg>
<doc>Waits until the element ``locator`` is visible.</doc>
<status status="PASS" start="2025-07-09T14:19:04.311260" elapsed="0.248780"/>
</kw>
<msg time="2025-07-09T14:19:04.560040" level="INFO">${error_campos} = True</msg>
<var>${error_campos}</var>
<arg>Wait Until Element Is Visible</arg>
<arg>${MENSAJE_CAMPOS_REQUERIDOS}</arg>
<arg>timeout=10s</arg>
<doc>Runs the given keyword with given arguments and returns the status as a Boolean value.</doc>
<status status="PASS" start="2025-07-09T14:19:04.311260" elapsed="0.248780"/>
</kw>
<kw name="Run Keyword And Return Status" owner="BuiltIn">
<kw name="Wait Until Element Is Visible" owner="SeleniumLibrary">
<msg time="2025-07-09T14:19:14.953904" level="INFO" html="true">&lt;/td&gt;&lt;/tr&gt;&lt;tr&gt;&lt;td colspan="3"&gt;&lt;a href="selenium-screenshot-4.png"&gt;&lt;img src="selenium-screenshot-4.png" width="800px"&gt;&lt;/a&gt;</msg>
<msg time="2025-07-09T14:19:14.953904" level="FAIL">Element '//div[contains(@class, 'rz-notification-content') and contains(text(), 'Credenciales invalidas')]' not visible after 10 seconds.</msg>
<arg>${MENSAJE_CREDENCIALES_INVALIDAS}</arg>
<arg>timeout=10s</arg>
<doc>Waits until the element ``locator`` is visible.</doc>
<status status="FAIL" start="2025-07-09T14:19:04.560040" elapsed="10.394940">Element '//div[contains(@class, 'rz-notification-content') and contains(text(), 'Credenciales invalidas')]' not visible after 10 seconds.</status>
</kw>
<msg time="2025-07-09T14:19:14.954980" level="INFO">${error_credenciales} = False</msg>
<var>${error_credenciales}</var>
<arg>Wait Until Element Is Visible</arg>
<arg>${MENSAJE_CREDENCIALES_INVALIDAS}</arg>
<arg>timeout=10s</arg>
<doc>Runs the given keyword with given arguments and returns the status as a Boolean value.</doc>
<status status="PASS" start="2025-07-09T14:19:04.560040" elapsed="10.394940"/>
</kw>
<kw name="Evaluate" owner="BuiltIn">
<msg time="2025-07-09T14:19:14.955909" level="INFO">${hay_error} = True</msg>
<var>${hay_error}</var>
<arg>${error_campos} or ${error_credenciales}</arg>
<doc>Evaluates the given expression in Python and returns the result.</doc>
<status status="PASS" start="2025-07-09T14:19:14.955909" elapsed="0.000000"/>
</kw>
<kw name="Should Be True" owner="BuiltIn">
<arg>${hay_error}</arg>
<arg>Se esperaba algún mensaje de error para credencial inválida</arg>
<doc>Fails if the given condition is not true.</doc>
<status status="PASS" start="2025-07-09T14:19:14.957007" elapsed="0.000000"/>
</kw>
<kw name="Log" owner="BuiltIn">
<msg time="2025-07-09T14:19:14.958013" level="INFO">Credencial inválida generada por Gemini funcionó como se esperaba (configuración centralizada v1.2)</msg>
<arg>Credencial inválida generada por Gemini funcionó como se esperaba (configuración centralizada v1.2)</arg>
<doc>Logs the given message with the given level.</doc>
<status status="PASS" start="2025-07-09T14:19:14.958013" elapsed="0.000999"/>
</kw>
<kw name="Capture Page Screenshot" owner="SeleniumLibrary">
<msg time="2025-07-09T14:19:15.156012" level="INFO" html="true">&lt;/td&gt;&lt;/tr&gt;&lt;tr&gt;&lt;td colspan="3"&gt;&lt;a href="login_gemini_invalido_v12.png"&gt;&lt;img src="login_gemini_invalido_v12.png" width="800px"&gt;&lt;/a&gt;</msg>
<arg>login_gemini_invalido_v12.png</arg>
<doc>Takes a screenshot of the current page and embeds it into a log file.</doc>
<status status="PASS" start="2025-07-09T14:19:14.959012" elapsed="0.197000"/>
</kw>
<kw name="Close Browser" owner="SeleniumLibrary" type="TEARDOWN">
<doc>Closes the current browser.</doc>
<status status="PASS" start="2025-07-09T14:19:15.156012" elapsed="2.176624"/>
</kw>
<doc>Prueba login con credenciales inválidas generadas por Gemini IA usando configuración centralizada v1.2</doc>
<tag>ai_generated</tag>
<tag>error</tag>
<tag>gemini</tag>
<status status="PASS" start="2025-07-09T14:18:59.851927" elapsed="17.480709"/>
</test>
<test id="s1-t6" name="Login With Multiple Environment Credentials" line="211">
<kw name="Cargar Configuracion Central">
<kw name="Obtener Estado Biblioteca" owner="GeminiLibrary">
<msg time="2025-07-09T14:19:17.332636" level="INFO">${estado_biblioteca} = {'gemini_disponible': True, 'api_key_configurada': False, 'modelo_inicializado': False, 'modelo_nombre': 'gemini-1.5-flash', 'version': '4.0', 'modo': 'Fallback', 'tipo': 'Biblioteca Híbrida Gemini-Cl...</msg>
<var>${estado_biblioteca}</var>
<doc>Retorna información sobre el estado de la librería híbrida
VERSIÓN v1.2: Incluye información de configuración centralizada</doc>
<status status="PASS" start="2025-07-09T14:19:17.332636" elapsed="0.000000"/>
</kw>
<kw name="Get From Dictionary" owner="Collections">
<msg time="2025-07-09T14:19:17.332636" level="INFO">${config_info} = {'disponible': False, 'archivo_existe': False, 'total_credenciales': 0, 'entornos': [], 'errores': ['ConfigManager no inicializado']}</msg>
<var>${config_info}</var>
<arg>${estado_biblioteca}</arg>
<arg>config_centralizada</arg>
<doc>Returns a value from the given ``dictionary`` based on the given ``key``.</doc>
<status status="PASS" start="2025-07-09T14:19:17.332636" elapsed="0.000000"/>
</kw>
<kw name="Get From Dictionary" owner="Collections">
<msg time="2025-07-09T14:19:17.332636" level="INFO">${config_disponible} = False</msg>
<var>${config_disponible}</var>
<arg>${config_info}</arg>
<arg>disponible</arg>
<doc>Returns a value from the given ``dictionary`` based on the given ``key``.</doc>
<status status="PASS" start="2025-07-09T14:19:17.332636" elapsed="0.000000"/>
</kw>
<kw name="Run Keyword If" owner="BuiltIn">
<kw name="Log" owner="BuiltIn">
<msg time="2025-07-09T14:19:17.332636" level="INFO">⚠️ ADVERTENCIA: Sistema de configuración centralizada no disponible, usando fallback</msg>
<arg>⚠️ ADVERTENCIA: Sistema de configuración centralizada no disponible, usando fallback</arg>
<doc>Logs the given message with the given level.</doc>
<status status="PASS" start="2025-07-09T14:19:17.332636" elapsed="0.000000"/>
</kw>
<arg>not ${config_disponible}</arg>
<arg>Log</arg>
<arg>⚠️ ADVERTENCIA: Sistema de configuración centralizada no disponible, usando fallback</arg>
<arg>ELSE</arg>
<arg>Log</arg>
<arg>✅ Sistema de configuración centralizada v1.2 activo y funcionando</arg>
<doc>Runs the given keyword with the given arguments, if ``condition`` is true.</doc>
<status status="PASS" start="2025-07-09T14:19:17.332636" elapsed="0.000000"/>
</kw>
<doc>Carga la configuración centralizada v1.2 y valida que esté disponible</doc>
<status status="PASS" start="2025-07-09T14:19:17.332636" elapsed="0.000000"/>
</kw>
<kw name="Obtener Credenciales Centralizadas Keyword">
<kw name="Obtener Credenciales Centralizadas" owner="GeminiLibrary">
<msg time="2025-07-09T14:19:17.332636" level="INFO">⚠️ ConfigManager no disponible. Usando credenciales de fallback.
⚠️ Usando credenciales válidas de fallback (no centralizadas)</msg>
<msg time="2025-07-09T14:19:17.332636" level="INFO">${credenciales} = [{'usuario': 'juan.reina', 'clave': '1235', 'descripcion': 'Usuario de prueba funcional verificado (fallback)', 'tipo': 'funcional', 'estado': 'activo', 'prioridad': 1, 'entorno': 'qa'}]</msg>
<var>${credenciales}</var>
<arg>${entorno}</arg>
<doc>Obtiene credenciales desde el sistema centralizado</doc>
<status status="PASS" start="2025-07-09T14:19:17.332636" elapsed="0.000000"/>
</kw>
<kw name="Should Not Be Empty" owner="BuiltIn">
<msg time="2025-07-09T14:19:17.332636" level="INFO">Length is 1.</msg>
<arg>${credenciales}</arg>
<arg>No se encontraron credenciales para entorno: ${entorno}</arg>
<doc>Verifies that the given item is not empty.</doc>
<status status="PASS" start="2025-07-09T14:19:17.332636" elapsed="0.000000"/>
</kw>
<return>
<value>${credenciales} (más flexible)</value>
<status status="PASS" start="2025-07-09T14:19:17.332636" elapsed="0.000000"/>
</return>
<kw name="Run Keyword And Return Status" owner="BuiltIn">
<var>${error_campos}</var>
<arg>Wait Until Element Is Visible</arg>
<arg>${MENSAJE_CAMPOS_REQUERIDOS}</arg>
<arg>timeout=10s</arg>
<doc>Runs the given keyword with given arguments and returns the status as a Boolean value.</doc>
<status status="NOT RUN" start="2025-07-09T14:19:17.332636" elapsed="0.000000"/>
</kw>
<kw name="Run Keyword And Return Status" owner="BuiltIn">
<var>${error_credenciales}</var>
<arg>Wait Until Element Is Visible</arg>
<arg>${MENSAJE_CREDENCIALES_INVALIDAS}</arg>
<arg>timeout=10s</arg>
<doc>Runs the given keyword with given arguments and returns the status as a Boolean value.</doc>
<status status="NOT RUN" start="2025-07-09T14:19:17.332636" elapsed="0.000000"/>
</kw>
<kw name="Evaluate" owner="BuiltIn">
<var>${hay_error}</var>
<arg>${error_campos} or ${error_credenciales}</arg>
<doc>Evaluates the given expression in Python and returns the result.</doc>
<status status="NOT RUN" start="2025-07-09T14:19:17.332636" elapsed="0.000000"/>
</kw>
<kw name="Should Be True" owner="BuiltIn">
<arg>${hay_error}</arg>
<arg>Se esperaba algún mensaje de error</arg>
<doc>Fails if the given condition is not true.</doc>
<status status="NOT RUN" start="2025-07-09T14:19:17.332636" elapsed="0.000000"/>
</kw>
<kw name="Run Keyword If" owner="BuiltIn">
<arg>${error_campos}</arg>
<arg>Log</arg>
<arg>Error de campos detectado</arg>
<doc>Runs the given keyword with the given arguments, if ``condition`` is true.</doc>
<status status="NOT RUN" start="2025-07-09T14:19:17.332636" elapsed="0.000000"/>
</kw>
<kw name="Run Keyword If" owner="BuiltIn">
<arg>${error_credenciales}</arg>
<arg>Log</arg>
<arg>Error de credenciales detectado</arg>
<doc>Runs the given keyword with the given arguments, if ``condition`` is true.</doc>
<status status="NOT RUN" start="2025-07-09T14:19:17.332636" elapsed="0.000000"/>
</kw>
<kw name="Capture Page Screenshot" owner="SeleniumLibrary">
<arg>login_usuario_invalido_v12.png</arg>
<doc>Takes a screenshot of the current page and embeds it into a log file.</doc>
<status status="NOT RUN" start="2025-07-09T14:19:17.332636" elapsed="0.000000"/>
</kw>
<kw name="Close Browser" owner="SeleniumLibrary" type="TEARDOWN">
<doc>Closes the current browser.</doc>
<status status="PASS" start="2025-07-09T14:19:17.332636" elapsed="0.000000"/>
</kw>
<msg time="2025-07-09T14:19:17.332636" level="INFO">${credenciales_qa} = [{'usuario': 'juan.reina', 'clave': '1235', 'descripcion': 'Usuario de prueba funcional verificado (fallback)', 'tipo': 'funcional', 'estado': 'activo', 'prioridad': 1, 'entorno': 'qa'}] (más flexible...</msg>
<var>${credenciales_qa}</var>
<arg>qa</arg>
<doc>Obtiene todas las credenciales para un entorno específico</doc>
<status status="PASS" start="2025-07-09T14:19:17.332636" elapsed="0.000000"/>
</kw>
<kw name="Should Not Be Empty" owner="BuiltIn">
<msg time="2025-07-09T14:19:17.332636" level="INFO">Length is 201.</msg>
<arg>${credenciales_qa}</arg>
<arg>No se encontraron credenciales para entorno QA</arg>
<doc>Verifies that the given item is not empty.</doc>
<status status="PASS" start="2025-07-09T14:19:17.332636" elapsed="0.000000"/>
</kw>
<kw name="Set Variable" owner="BuiltIn">
<msg time="2025-07-09T14:19:17.332636" level="INFO">${credencial_qa} = [</msg>
<var>${credencial_qa}</var>
<arg>${credenciales_qa[0]}</arg>
<doc>Returns the given values which can then be assigned to a variables.</doc>
<status status="PASS" start="2025-07-09T14:19:17.332636" elapsed="0.000000"/>
</kw>
<kw name="Get From Dictionary" owner="Collections">
<msg time="2025-07-09T14:19:17.332636" level="FAIL">TypeError: Expected argument 1 to be a dictionary, got string instead.</msg>
<var>${usuario_qa}</var>
<arg>${credencial_qa}</arg>
<arg>usuario</arg>
<doc>Returns a value from the given ``dictionary`` based on the given ``key``.</doc>
<status status="FAIL" start="2025-07-09T14:19:17.332636" elapsed="0.000000">TypeError: Expected argument 1 to be a dictionary, got string instead.</status>
</kw>
<kw name="Get From Dictionary" owner="Collections">
<var>${clave_qa}</var>
<arg>${credencial_qa}</arg>
<arg>clave</arg>
<doc>Returns a value from the given ``dictionary`` based on the given ``key``.</doc>
<status status="NOT RUN" start="2025-07-09T14:19:17.332636" elapsed="0.000000"/>
</kw>
<kw name="Log" owner="BuiltIn">
<arg>Probando credencial de entorno QA desde configuración central: ${usuario_qa}</arg>
<doc>Logs the given message with the given level.</doc>
<status status="NOT RUN" start="2025-07-09T14:19:17.332636" elapsed="0.000000"/>
</kw>
<kw name="Abrir Navegador En Login">
<doc>Abre el navegador y navega a la página de login con configuración robusta</doc>
<status status="NOT RUN" start="2025-07-09T14:19:17.332636" elapsed="0.000000"/>
</kw>
<kw name="Sleep" owner="BuiltIn">
<arg>2s</arg>
<doc>Pauses the test executed for the given time.</doc>
<status status="NOT RUN" start="2025-07-09T14:19:17.332636" elapsed="0.000000"/>
</kw>
<kw name="Wait Until Element Is Visible" owner="SeleniumLibrary">
<arg>${CAMPO_USUARIO}</arg>
<arg>timeout=${TIMEOUT}</arg>
<doc>Waits until the element ``locator`` is visible.</doc>
<status status="NOT RUN" start="2025-07-09T14:19:17.332636" elapsed="0.000000"/>
</kw>
<kw name="Input Text" owner="SeleniumLibrary">
<arg>${CAMPO_USUARIO}</arg>
<arg>${usuario_qa}</arg>
<doc>Types the given ``text`` into the text field identified by ``locator``.</doc>
<status status="NOT RUN" start="2025-07-09T14:19:17.332636" elapsed="0.000000"/>
</kw>
<kw name="Wait Until Element Is Visible" owner="SeleniumLibrary">
<arg>${CAMPO_CLAVE}</arg>
<arg>timeout=${TIMEOUT}</arg>
<doc>Waits until the element ``locator`` is visible.</doc>
<status status="NOT RUN" start="2025-07-09T14:19:17.348672" elapsed="0.000000"/>
</kw>
<kw name="Input Text" owner="SeleniumLibrary">
<arg>${CAMPO_CLAVE}</arg>
<arg>${clave_qa}</arg>
<doc>Types the given ``text`` into the text field identified by ``locator``.</doc>
<status status="NOT RUN" start="2025-07-09T14:19:17.348672" elapsed="0.000000"/>
</kw>
<kw name="Wait Until Element Is Visible" owner="SeleniumLibrary">
<arg>${BOTON_LOGIN}</arg>
<arg>timeout=${TIMEOUT}</arg>
<doc>Waits until the element ``locator`` is visible.</doc>
<status status="NOT RUN" start="2025-07-09T14:19:17.348672" elapsed="0.000000"/>
</kw>
<kw name="Click Element" owner="SeleniumLibrary">
<arg>${BOTON_LOGIN}</arg>
<doc>Click the element identified by ``locator``.</doc>
<status status="NOT RUN" start="2025-07-09T14:19:17.348672" elapsed="0.000000"/>
</kw>
<kw name="Wait Until Element Is Visible" owner="SeleniumLibrary">
<arg>${ELEMENTO_CONFIRMACION_LOGIN}</arg>
<arg>timeout=${TIMEOUT}</arg>
<doc>Waits until the element ``locator`` is visible.</doc>
<status status="NOT RUN" start="2025-07-09T14:19:17.348672" elapsed="0.000000"/>
</kw>
<kw name="Log" owner="BuiltIn">
<arg>Login exitoso con credencial de entorno QA desde configuración centralizada v1.2</arg>
<doc>Logs the given message with the given level.</doc>
<status status="NOT RUN" start="2025-07-09T14:19:17.348672" elapsed="0.000000"/>
</kw>
<kw name="Capture Page Screenshot" owner="SeleniumLibrary">
<arg>login_qa_centralizado_v12.png</arg>
<doc>Takes a screenshot of the current page and embeds it into a log file.</doc>
<status status="NOT RUN" start="2025-07-09T14:19:17.348672" elapsed="0.000000"/>
</kw>
<kw name="Sleep" owner="BuiltIn">
<arg>3s</arg>
<doc>Pauses the test executed for the given time.</doc>
<status status="NOT RUN" start="2025-07-09T14:19:17.348672" elapsed="0.000000"/>
</kw>
<kw name="Close Browser" owner="SeleniumLibrary" type="TEARDOWN">
<doc>Closes the current browser.</doc>
<status status="PASS" start="2025-07-09T14:19:17.348672" elapsed="0.000000"/>
</kw>
<doc>Prueba login con credenciales de diferentes entornos usando configuración centralizada v1.2</doc>
<tag>config_centralizada</tag>
<tag>multiambiente</tag>
<tag>v12</tag>
<status status="FAIL" start="2025-07-09T14:19:17.332636" elapsed="0.016036">TypeError: Expected argument 1 to be a dictionary, got string instead.</status>
</test>
<test id="s1-t7" name="Validar Sistema Configuracion Centralizada" line="250">
<kw name="Cargar Configuracion Central">
<kw name="Obtener Estado Biblioteca" owner="GeminiLibrary">
<msg time="2025-07-09T14:19:17.348672" level="INFO">${estado_biblioteca} = {'gemini_disponible': True, 'api_key_configurada': False, 'modelo_inicializado': False, 'modelo_nombre': 'gemini-1.5-flash', 'version': '4.0', 'modo': 'Fallback', 'tipo': 'Biblioteca Híbrida Gemini-Cl...</msg>
<var>${estado_biblioteca}</var>
<doc>Retorna información sobre el estado de la librería híbrida
VERSIÓN v1.2: Incluye información de configuración centralizada</doc>
<status status="PASS" start="2025-07-09T14:19:17.348672" elapsed="0.000000"/>
</kw>
<kw name="Get From Dictionary" owner="Collections">
<msg time="2025-07-09T14:19:17.348672" level="INFO">${config_info} = {'disponible': False, 'archivo_existe': False, 'total_credenciales': 0, 'entornos': [], 'errores': ['ConfigManager no inicializado']}</msg>
<var>${config_info}</var>
<arg>${estado_biblioteca}</arg>
<arg>config_centralizada</arg>
<doc>Returns a value from the given ``dictionary`` based on the given ``key``.</doc>
<status status="PASS" start="2025-07-09T14:19:17.348672" elapsed="0.000000"/>
</kw>
<kw name="Get From Dictionary" owner="Collections">
<msg time="2025-07-09T14:19:17.348672" level="INFO">${config_disponible} = False</msg>
<var>${config_disponible}</var>
<arg>${config_info}</arg>
<arg>disponible</arg>
<doc>Returns a value from the given ``dictionary`` based on the given ``key``.</doc>
<status status="PASS" start="2025-07-09T14:19:17.348672" elapsed="0.000000"/>
</kw>
<kw name="Run Keyword If" owner="BuiltIn">
<kw name="Log" owner="BuiltIn">
<msg time="2025-07-09T14:19:17.348672" level="INFO">⚠️ ADVERTENCIA: Sistema de configuración centralizada no disponible, usando fallback</msg>
<arg>⚠️ ADVERTENCIA: Sistema de configuración centralizada no disponible, usando fallback</arg>
<doc>Logs the given message with the given level.</doc>
<status status="PASS" start="2025-07-09T14:19:17.348672" elapsed="0.000000"/>
</kw>
<arg>not ${config_disponible}</arg>
<arg>Log</arg>
<arg>⚠️ ADVERTENCIA: Sistema de configuración centralizada no disponible, usando fallback</arg>
<arg>ELSE</arg>
<arg>Log</arg>
<arg>✅ Sistema de configuración centralizada v1.2 activo y funcionando</arg>
<doc>Runs the given keyword with the given arguments, if ``condition`` is true.</doc>
<status status="PASS" start="2025-07-09T14:19:17.348672" elapsed="0.000000"/>
</kw>
<doc>Carga la configuración centralizada v1.2 y valida que esté disponible</doc>
<status status="PASS" start="2025-07-09T14:19:17.348672" elapsed="0.000000"/>
</kw>
<kw name="Validar Configuracion Centralizada" owner="GeminiLibrary">
<msg time="2025-07-09T14:19:17.348672" level="INFO">${estado_config} = {'config_manager_disponible': False, 'archivo_credenciales_existe': False, 'total_credenciales': 0, 'entornos_configurados': [], 'errores': ['ConfigManager no inicializado']}</msg>
<var>${estado_config}</var>
<doc>Valida que el sistema de configuración centralizada esté funcionando</doc>
<status status="PASS" start="2025-07-09T14:19:17.348672" elapsed="0.000000"/>
</kw>
<kw name="Get From Dictionary" owner="Collections">
<msg time="2025-07-09T14:19:17.348672" level="INFO">${config_disponible} = False</msg>
<var>${config_disponible}</var>
<arg>${estado_config}</arg>
<arg>config_manager_disponible</arg>
<doc>Returns a value from the given ``dictionary`` based on the given ``key``.</doc>
<status status="PASS" start="2025-07-09T14:19:17.348672" elapsed="0.000000"/>
</kw>
<kw name="Should Be True" owner="BuiltIn">
<msg time="2025-07-09T14:19:17.348672" level="FAIL">ConfigManager no está disponible</msg>
<arg>${config_disponible}</arg>
<arg>ConfigManager no está disponible</arg>
<doc>Fails if the given condition is not true.</doc>
<status status="FAIL" start="2025-07-09T14:19:17.348672" elapsed="0.000000">ConfigManager no está disponible</status>
</kw>
<kw name="Get From Dictionary" owner="Collections">
<var>${archivo_existe}</var>
<arg>${estado_config}</arg>
<arg>archivo_credenciales_existe</arg>
<doc>Returns a value from the given ``dictionary`` based on the given ``key``.</doc>
<status status="NOT RUN" start="2025-07-09T14:19:17.348672" elapsed="0.000000"/>
</kw>
<kw name="Should Be True" owner="BuiltIn">
<arg>${archivo_existe}</arg>
<arg>Archivo de credenciales centrales no existe</arg>
<doc>Fails if the given condition is not true.</doc>
<status status="NOT RUN" start="2025-07-09T14:19:17.348672" elapsed="0.000000"/>
</kw>
<kw name="Get From Dictionary" owner="Collections">
<var>${total_credenciales}</var>
<arg>${estado_config}</arg>
<arg>total_credenciales</arg>
<doc>Returns a value from the given ``dictionary`` based on the given ``key``.</doc>
<status status="NOT RUN" start="2025-07-09T14:19:17.348672" elapsed="0.000000"/>
</kw>
<kw name="Should Be True" owner="BuiltIn">
<arg>${total_credenciales} &gt; 0</arg>
<arg>No hay credenciales configuradas en el sistema central</arg>
<doc>Fails if the given condition is not true.</doc>
<status status="NOT RUN" start="2025-07-09T14:19:17.348672" elapsed="0.000000"/>
</kw>
<kw name="Get From Dictionary" owner="Collections">
<var>${entornos}</var>
<arg>${estado_config}</arg>
<arg>entornos_configurados</arg>
<doc>Returns a value from the given ``dictionary`` based on the given ``key``.</doc>
<status status="NOT RUN" start="2025-07-09T14:19:17.348672" elapsed="0.000000"/>
</kw>
<kw name="Should Not Be Empty" owner="BuiltIn">
<arg>${entornos}</arg>
<arg>No hay entornos configurados</arg>
<doc>Verifies that the given item is not empty.</doc>
<status status="NOT RUN" start="2025-07-09T14:19:17.348672" elapsed="0.000000"/>
</kw>
<kw name="Get From Dictionary" owner="Collections">
<var>${errores}</var>
<arg>${estado_config}</arg>
<arg>errores</arg>
<doc>Returns a value from the given ``dictionary`` based on the given ``key``.</doc>
<status status="NOT RUN" start="2025-07-09T14:19:17.348672" elapsed="0.000000"/>
</kw>
<kw name="Should Be Empty" owner="BuiltIn">
<arg>${errores}</arg>
<arg>Errores encontrados en configuración centralizada: ${errores}</arg>
<doc>Verifies that the given item is empty.</doc>
<status status="NOT RUN" start="2025-07-09T14:19:17.348672" elapsed="0.000000"/>
</kw>
<kw name="Log" owner="BuiltIn">
<arg>✅ Sistema de configuración centralizada v1.2 validado correctamente</arg>
<doc>Logs the given message with the given level.</doc>
<status status="NOT RUN" start="2025-07-09T14:19:17.348672" elapsed="0.000000"/>
</kw>
<kw name="Log" owner="BuiltIn">
<arg>📊 Total credenciales: ${total_credenciales}</arg>
<doc>Logs the given message with the given level.</doc>
<status status="NOT RUN" start="2025-07-09T14:19:17.348672" elapsed="0.000000"/>
</kw>
<kw name="Log" owner="BuiltIn">
<arg>🌍 Entornos configurados: ${entornos}</arg>
<doc>Logs the given message with the given level.</doc>
<status status="NOT RUN" start="2025-07-09T14:19:17.348672" elapsed="0.000000"/>
</kw>
<doc>Valida que el sistema de configuración centralizada v1.2 esté funcionando correctamente</doc>
<tag>config_centralizada</tag>
<tag>sistema_v12</tag>
<tag>validacion</tag>
<status status="FAIL" start="2025-07-09T14:19:17.348672" elapsed="0.000000">ConfigManager no está disponible</status>
</test>
<doc>Demo de pruebas de login en SIESA ERP con datos generados por IA</doc>
<status status="FAIL" start="2025-07-09T14:18:11.412564" elapsed="65.936108"/>
</suite>
<statistics>
<total>
<stat pass="5" fail="2" skip="0">All Tests</stat>
</total>
<tag>
<stat pass="1" fail="0" skip="0">ai_generated</stat>
<stat pass="0" fail="2" skip="0">config_centralizada</stat>
<stat pass="1" fail="0" skip="0">empty_fields</stat>
<stat pass="3" fail="0" skip="0">error</stat>
<stat pass="1" fail="0" skip="0">gemini</stat>
<stat pass="1" fail="0" skip="0">interface</stat>
<stat pass="1" fail="0" skip="0">invalid_credentials</stat>
<stat pass="1" fail="0" skip="0">login</stat>
<stat pass="0" fail="1" skip="0">multiambiente</stat>
<stat pass="1" fail="0" skip="0">priority_high</stat>
<stat pass="0" fail="1" skip="0">sistema_v12</stat>
<stat pass="1" fail="0" skip="0">success</stat>
<stat pass="1" fail="0" skip="0">ui</stat>
<stat pass="0" fail="1" skip="0">v12</stat>
<stat pass="0" fail="1" skip="0">validacion</stat>
<stat pass="2" fail="0" skip="0">validation</stat>
</tag>
<suite>
<stat name="Login_Tests_20250709_141711" id="s1" pass="5" fail="2" skip="0">Login_Tests_20250709_141711</stat>
</suite>
</statistics>
<errors>
<msg time="2025-07-09T14:18:12.915850" level="WARN">The chromedriver version (137.0.7151.68) detected in PATH at C:\Users\jmreinam\AppData\Local\Programs\Python\Python39\Scripts\chromedriver.exe might not be compatible with the detected chrome version (138.0.7204.97); currently, chromedriver 138.0.7204.94 is recommended for chrome 138.*, so it is advised to delete the driver in PATH and retry</msg>
<msg time="2025-07-09T14:18:27.323545" level="WARN">The chromedriver version (137.0.7151.68) detected in PATH at C:\Users\jmreinam\AppData\Local\Programs\Python\Python39\Scripts\chromedriver.exe might not be compatible with the detected chrome version (138.0.7204.97); currently, chromedriver 138.0.7204.94 is recommended for chrome 138.*, so it is advised to delete the driver in PATH and retry</msg>
<msg time="2025-07-09T14:18:33.571319" level="WARN">The chromedriver version (137.0.7151.68) detected in PATH at C:\Users\jmreinam\AppData\Local\Programs\Python\Python39\Scripts\chromedriver.exe might not be compatible with the detected chrome version (138.0.7204.97); currently, chromedriver 138.0.7204.94 is recommended for chrome 138.*, so it is advised to delete the driver in PATH and retry</msg>
<msg time="2025-07-09T14:18:42.081714" level="WARN">The chromedriver version (137.0.7151.68) detected in PATH at C:\Users\jmreinam\AppData\Local\Programs\Python\Python39\Scripts\chromedriver.exe might not be compatible with the detected chrome version (138.0.7204.97); currently, chromedriver 138.0.7204.94 is recommended for chrome 138.*, so it is advised to delete the driver in PATH and retry</msg>
<msg time="2025-07-09T14:18:59.992605" level="WARN">The chromedriver version (137.0.7151.68) detected in PATH at C:\Users\jmreinam\AppData\Local\Programs\Python\Python39\Scripts\chromedriver.exe might not be compatible with the detected chrome version (138.0.7204.97); currently, chromedriver 138.0.7204.94 is recommended for chrome 138.*, so it is advised to delete the driver in PATH and retry</msg>
</errors>
</robot>
